<?xml version="1.0" encoding="UTF-8"?>
<testsuite xmlns:xsi="http://www.w3.org/2001/XMLSchema-instance" xsi:noNamespaceSchemaLocation="https://maven.apache.org/surefire/maven-surefire-plugin/xsd/surefire-test-report.xsd" name="TurtleTest" time="0.098" tests="4" errors="0" skipped="0" failures="0">
  <properties>
    <property name="java.specification.version" value="19"/>
    <property name="sun.jnu.encoding" value="UTF-8"/>
    <property name="java.class.path" value="/Users/alexanderburgos/Library/CloudStorage/OneDrive-acu.edu/Code/Java/quiz1 2/target/test-classes:/Users/alexanderburgos/Library/CloudStorage/OneDrive-acu.edu/Code/Java/quiz1 2/target/classes:/Users/alexanderburgos/.m2/repository/junit/junit/4.11/junit-4.11.jar:/Users/alexanderburgos/.m2/repository/org/hamcrest/hamcrest-core/1.3/hamcrest-core-1.3.jar:"/>
    <property name="java.vm.vendor" value="Homebrew"/>
    <property name="sun.arch.data.model" value="64"/>
    <property name="java.vendor.url" value="https://github.com/Homebrew/homebrew-core/issues"/>
    <property name="os.name" value="Mac OS X"/>
    <property name="java.vm.specification.version" value="19"/>
    <property name="sun.java.launcher" value="SUN_STANDARD"/>
    <property name="user.country" value="US"/>
    <property name="sun.boot.library.path" value="/usr/local/Cellar/openjdk/19/libexec/openjdk.jdk/Contents/Home/lib"/>
    <property name="sun.java.command" value="/Users/alexanderburgos/Library/CloudStorage/OneDrive-acu.edu/Code/Java/quiz1 2/target/surefire/surefirebooter2001038892573605525.jar /Users/alexanderburgos/Library/CloudStorage/OneDrive-acu.edu/Code/Java/quiz1 2/target/surefire 2022-10-17T14-22-48_303-jvmRun1 surefire488507698392026354tmp surefire_01337231026683123635tmp"/>
    <property name="http.nonProxyHosts" value="local|*.local|169.254/16|*.169.254/16"/>
    <property name="jdk.debug" value="release"/>
    <property name="surefire.test.class.path" value="/Users/alexanderburgos/Library/CloudStorage/OneDrive-acu.edu/Code/Java/quiz1 2/target/test-classes:/Users/alexanderburgos/Library/CloudStorage/OneDrive-acu.edu/Code/Java/quiz1 2/target/classes:/Users/alexanderburgos/.m2/repository/junit/junit/4.11/junit-4.11.jar:/Users/alexanderburgos/.m2/repository/org/hamcrest/hamcrest-core/1.3/hamcrest-core-1.3.jar:"/>
    <property name="sun.cpu.endian" value="little"/>
    <property name="user.home" value="/Users/alexanderburgos"/>
    <property name="user.language" value="en"/>
    <property name="java.specification.vendor" value="Oracle Corporation"/>
    <property name="java.version.date" value="2022-09-20"/>
    <property name="java.home" value="/usr/local/Cellar/openjdk/19/libexec/openjdk.jdk/Contents/Home"/>
    <property name="file.separator" value="/"/>
    <property name="basedir" value="/Users/alexanderburgos/Library/CloudStorage/OneDrive-acu.edu/Code/Java/quiz1 2"/>
    <property name="java.vm.compressedOopsMode" value="Zero based"/>
    <property name="line.separator" value="&#10;"/>
    <property name="java.vm.specification.vendor" value="Oracle Corporation"/>
    <property name="java.specification.name" value="Java Platform API Specification"/>
    <property name="apple.awt.application.name" value="ForkedBooter"/>
    <property name="surefire.real.class.path" value="/Users/alexanderburgos/Library/CloudStorage/OneDrive-acu.edu/Code/Java/quiz1 2/target/surefire/surefirebooter2001038892573605525.jar"/>
    <property name="sun.management.compiler" value="HotSpot 64-Bit Tiered Compilers"/>
    <property name="ftp.nonProxyHosts" value="local|*.local|169.254/16|*.169.254/16"/>
    <property name="java.runtime.version" value="19"/>
    <property name="user.name" value="alexanderburgos"/>
    <property name="stdout.encoding" value="UTF-8"/>
    <property name="path.separator" value=":"/>
    <property name="os.version" value="12.6"/>
    <property name="java.runtime.name" value="OpenJDK Runtime Environment"/>
    <property name="file.encoding" value="UTF-8"/>
    <property name="java.vm.name" value="OpenJDK 64-Bit Server VM"/>
    <property name="java.vendor.version" value="Homebrew"/>
    <property name="localRepository" value="/Users/alexanderburgos/.m2/repository"/>
    <property name="java.vendor.url.bug" value="https://github.com/Homebrew/homebrew-core/issues"/>
    <property name="java.io.tmpdir" value="/var/folders/pb/nh6xvv_x3px636ydc1zb9cvc0000gn/T/"/>
    <property name="java.version" value="19"/>
    <property name="user.dir" value="/Users/alexanderburgos/Library/CloudStorage/OneDrive-acu.edu/Code/Java/quiz1 2"/>
    <property name="os.arch" value="x86_64"/>
    <property name="java.vm.specification.name" value="Java Virtual Machine Specification"/>
    <property name="native.encoding" value="UTF-8"/>
    <property name="java.library.path" value="/Users/alexanderburgos/Library/Java/Extensions:/Library/Java/Extensions:/Network/Library/Java/Extensions:/System/Library/Java/Extensions:/usr/lib/java:."/>
    <property name="java.vm.info" value="mixed mode, sharing"/>
    <property name="stderr.encoding" value="UTF-8"/>
    <property name="java.vendor" value="Homebrew"/>
    <property name="java.vm.version" value="19"/>
    <property name="sun.io.unicode.encoding" value="UnicodeBig"/>
    <property name="socksNonProxyHosts" value="local|*.local|169.254/16|*.169.254/16"/>
    <property name="java.class.version" value="63.0"/>
  </properties>
  <testcase name="testSeen" classname="TurtleTest" time="0.003"/>
  <testcase name="testSocialStatus" classname="TurtleTest" time="0"/>
  <testcase name="testAllCourages" classname="TurtleTest" time="0"/>
  <testcase name="testBravery" classname="TurtleTest" time="0"/>
</testsuite>